<?xml version="1.0" encoding="UTF-8"?>
<!-- Generated by org.testng.reporters.JUnitXMLReporter -->
<testsuite ignored="0" hostname="LAPTOP-TK3V614K" failures="0" tests="4" name="Test" time="44.361" errors="0" timestamp="2021-12-28T19:36:36 CST">
  <testcase classname="Project.Mockup.ContactTabValidation" name="baseNavigationPage" time="0.097"/>
  <testcase classname="Project.Mockup.HomePage" name="baseNavigationPage" time="2.133"/>
  <testcase classname="Project.Mockup.HomePage" name="baseNavigationPage" time="3.365"/>
  <testcase classname="Project.Mockup.TitleValidation" name="baseNavigationPage" time="0.036"/>
</testsuite> <!-- Test -->
