<?xml version="1.0" encoding="UTF-8"?>
<!-- Generated by org.testng.reporters.JUnitXMLReporter -->
<testsuite ignored="0" hostname="LAPTOP-TK3V614K" failures="0" tests="2" name="Negative test for user login." time="26.797" errors="0" timestamp="2022-01-01T15:54:12 CST">
  <testcase classname="io.cucumber.testng.AbstractTestNGCucumberTests" name="runScenario" time="14.339"/>
  <testcase classname="io.cucumber.testng.AbstractTestNGCucumberTests" name="runScenario" time="12.252"/>
</testsuite> <!-- Negative test for user login. -->
