<?xml version="1.0" encoding="UTF-8"?>
<!-- Generated by org.testng.reporters.JUnitXMLReporter -->
<testsuite ignored="0" hostname="LAPTOP-TK3V614K" failures="2" tests="4" name="Test" time="27.237" errors="0" timestamp="2021-12-28T19:27:50 CST">
  <testcase classname="Project.Mockup.ContactTabValidation" name="baseNavigationPage" time="0.007">
    <failure type="java.lang.NullPointerException">
      <![CDATA[java.lang.NullPointerException
at pageObjects.LandingPage.getTitle(LandingPage.java:26)
at Project.Mockup.ContactTabValidation.baseNavigationPage(ContactTabValidation.java:31)
at java.base/java.util.ArrayList.forEach(ArrayList.java:1541)
... Removed 31 stack frames]]>
    </failure>
  </testcase> <!-- baseNavigationPage -->
  <testcase classname="Project.Mockup.HomePage" name="baseNavigationPage" time="2.778"/>
  <testcase classname="Project.Mockup.HomePage" name="baseNavigationPage" time="2.478"/>
  <testcase classname="Project.Mockup.TitleValidation" name="baseNavigationPage" time="0.001">
    <failure type="java.lang.NullPointerException">
      <![CDATA[java.lang.NullPointerException
at pageObjects.LandingPage.getContact(LandingPage.java:30)
at Project.Mockup.TitleValidation.baseNavigationPage(TitleValidation.java:33)
at java.base/java.util.ArrayList.forEach(ArrayList.java:1541)
... Removed 31 stack frames]]>
    </failure>
  </testcase> <!-- baseNavigationPage -->
</testsuite> <!-- Test -->
